This is pdfTeX, Version 3.1415926-1.40.10 (TeX Live 2009/Debian) (format=pdflatex 2011.5.30)  18 JUL 2011 18:34
entering extended mode
 %&-line parsing enabled.
**Paper.tex
(./Paper.tex
LaTeX2e <2009/09/24>
Babel <v3.8l> and hyphenation patterns for english, usenglishmax, dumylang, noh
yphenation, dutch, loaded.
(/usr/share/texmf-texlive/tex/latex/base/article.cls
Document Class: article 2007/10/19 v1.4h Standard LaTeX document class
(/usr/share/texmf-texlive/tex/latex/base/size10.clo
File: size10.clo 2007/10/19 v1.4h Standard LaTeX file (size option)
)
\c@part=\count79
\c@section=\count80
\c@subsection=\count81
\c@subsubsection=\count82
\c@paragraph=\count83
\c@subparagraph=\count84
\c@figure=\count85
\c@table=\count86
\abovecaptionskip=\skip41
\belowcaptionskip=\skip42
\bibindent=\dimen102
)
(/usr/share/texmf-texlive/tex/latex/amsmath/amsmath.sty
Package: amsmath 2000/07/18 v2.13 AMS math features
\@mathmargin=\skip43

For additional information on amsmath, use the `?' option.
(/usr/share/texmf-texlive/tex/latex/amsmath/amstext.sty
Package: amstext 2000/06/29 v2.01

(/usr/share/texmf-texlive/tex/latex/amsmath/amsgen.sty
File: amsgen.sty 1999/11/30 v2.0
\@emptytoks=\toks14
\ex@=\dimen103
))
(/usr/share/texmf-texlive/tex/latex/amsmath/amsbsy.sty
Package: amsbsy 1999/11/29 v1.2d
\pmbraise@=\dimen104
)
(/usr/share/texmf-texlive/tex/latex/amsmath/amsopn.sty
Package: amsopn 1999/12/14 v2.01 operator names
)
\inf@bad=\count87
LaTeX Info: Redefining \frac on input line 211.
\uproot@=\count88
\leftroot@=\count89
LaTeX Info: Redefining \overline on input line 307.
\classnum@=\count90
\DOTSCASE@=\count91
LaTeX Info: Redefining \ldots on input line 379.
LaTeX Info: Redefining \dots on input line 382.
LaTeX Info: Redefining \cdots on input line 467.
\Mathstrutbox@=\box26
\strutbox@=\box27
\big@size=\dimen105
LaTeX Font Info:    Redeclaring font encoding OML on input line 567.
LaTeX Font Info:    Redeclaring font encoding OMS on input line 568.
\macc@depth=\count92
\c@MaxMatrixCols=\count93
\dotsspace@=\muskip10
\c@parentequation=\count94
\dspbrk@lvl=\count95
\tag@help=\toks15
\row@=\count96
\column@=\count97
\maxfields@=\count98
\andhelp@=\toks16
\eqnshift@=\dimen106
\alignsep@=\dimen107
\tagshift@=\dimen108
\tagwidth@=\dimen109
\totwidth@=\dimen110
\lineht@=\dimen111
\@envbody=\toks17
\multlinegap=\skip44
\multlinetaggap=\skip45
\mathdisplay@stack=\toks18
LaTeX Info: Redefining \[ on input line 2666.
LaTeX Info: Redefining \] on input line 2667.
)
(/usr/share/texmf-texlive/tex/latex/amscls/amsthm.sty
Package: amsthm 2004/08/06 v2.20
\thm@style=\toks19
\thm@bodyfont=\toks20
\thm@headfont=\toks21
\thm@notefont=\toks22
\thm@headpunct=\toks23
\thm@preskip=\skip46
\thm@postskip=\skip47
\thm@headsep=\skip48
\dth@everypar=\toks24
)
(/usr/share/texmf-texlive/tex/latex/amsfonts/amssymb.sty
Package: amssymb 2009/06/22 v3.00

(/usr/share/texmf-texlive/tex/latex/amsfonts/amsfonts.sty
Package: amsfonts 2009/06/22 v3.00 Basic AMSFonts support
\symAMSa=\mathgroup4
\symAMSb=\mathgroup5
LaTeX Font Info:    Overwriting math alphabet `\mathfrak' in version `bold'
(Font)                  U/euf/m/n --> U/euf/b/n on input line 96.
)) (./algorithm.sty
Package: algorithm 2009/08/24 v0.1 Document Style `algorithm' - floating enviro
nment

(/usr/share/texmf-texlive/tex/latex/float/float.sty
Package: float 2001/11/08 v1.3d Float enhancements (AL)
\c@float@type=\count99
\float@exts=\toks25
\float@box=\box28
\@float@everytoks=\toks26
\@floatcapt=\box29
)
(/usr/share/texmf-texlive/tex/latex/base/ifthen.sty
Package: ifthen 2001/05/26 v1.1c Standard LaTeX ifthen package (DPC)
)
\@float@every@algorithm=\toks27
\c@algorithm=\count100
) (./algorithmic.sty
Package: algorithmic 2009/08/24 v0.1 Document Style `algorithmic'

(/usr/share/texmf-texlive/tex/latex/graphics/keyval.sty
Package: keyval 1999/03/16 v1.13 key=value parser (DPC)
\KV@toks@=\toks28
)
\c@ALC@unique=\count101
\c@ALC@line=\count102
\c@ALC@rem=\count103
\c@ALC@depth=\count104
\ALC@tlm=\skip49
\algorithmicindent=\skip50
)
(/usr/share/texmf-texlive/tex/latex/tools/array.sty
Package: array 2008/09/09 v2.4c Tabular extension package (FMi)
\col@sep=\dimen112
\extrarowheight=\dimen113
\NC@list=\toks29
\extratabsurround=\skip51
\backup@length=\skip52
)
(/usr/share/texmf-texlive/tex/latex/booktabs/booktabs.sty
Package: booktabs 2005/04/14 v1.61803 publication quality tables
\heavyrulewidth=\dimen114
\lightrulewidth=\dimen115
\cmidrulewidth=\dimen116
\belowrulesep=\dimen117
\belowbottomsep=\dimen118
\aboverulesep=\dimen119
\abovetopsep=\dimen120
\cmidrulesep=\dimen121
\cmidrulekern=\dimen122
\defaultaddspace=\dimen123
\@cmidla=\count105
\@cmidlb=\count106
\@aboverulesep=\dimen124
\@belowrulesep=\dimen125
\@thisruleclass=\count107
\@lastruleclass=\count108
\@thisrulewidth=\dimen126
) (./qtree.sty
Package: 2008/12/12 v.3.1bQtree: tree-drawing for linguistics
Package: qtree 2008/12/12 v.3.1bQtree: tree-drawing for linguistics
(/usr/share/texmf-texlive/tex/latex/pict2e/pict2e.sty
Package: pict2e 2009/08/05 v0.2x Improved picture commands (HjG,RN,JT)

(/etc/texmf/tex/latex/pict2e/pict2e.cfg
File: pict2e.cfg 2009/08/05 v0.1s pict2e configuration for teTeX/TeXLive
)
Package pict2e Info: Driver file: pdftex.def on input line 101.

(/usr/share/texmf-texlive/tex/latex/pdftex-def/pdftex.def
File: pdftex.def 2010/03/12 v0.04p Graphics/color for pdfTeX
\Gread@gobject=\count109
)
Package pict2e Info: Driver file for pict2e: p2e-pdftex.def on input line 103.

(/usr/share/texmf-texlive/tex/latex/pict2e/p2e-pdftex.def
File: p2e-pdftex.def 2009/08/05 v0.1s Driver-dependant file (RN,HjG,JT)
)
(/usr/share/texmf-texlive/tex/latex/graphics/trig.sty
Package: trig 1999/03/16 v1.09 sin cos tan (DPC)
)
\pIIe@GRAPH=\toks30
\@arclen=\dimen127
\@arcrad=\dimen128
\@tempdimd=\dimen129
)
\c@treecount=\count110
\c@branchcount=\count111
\parentbox=\box30
\treebox=\box31
\treeboxone=\box32
\treeboxtwo=\box33
\treeboxthree=\box34
\treeboxfour=\box35
\treeboxfive=\box36
\treeboxsix=\box37
\treeboxseven=\box38
\treeboxeight=\box39
\treeboxnine=\box40
\treeboxten=\box41
\treeboxeleven=\box42
\treeboxtwelve=\box43
\treeboxthirteen=\box44
\treeboxfourteen=\box45
\treeboxfifteen=\box46
\treeboxsixteen=\box47
\treeboxseventeen=\box48
\treeboxeighteen=\box49
\treeboxnineteen=\box50
\treeboxtwenty=\box51
\treeoffsetone=\skip53
\treeoffsettwo=\skip54
\treeoffsetthree=\skip55
\treeoffsetfour=\skip56
\treeoffsetfive=\skip57
\treeoffsetsix=\skip58
\treeoffsetseven=\skip59
\treeoffseteight=\skip60
\treeoffsetnine=\skip61
\treeoffsetten=\skip62
\treeoffseteleven=\skip63
\treeoffsettwelve=\skip64
\treeoffsetthirteen=\skip65
\treeoffsetfourteen=\skip66
\treeoffsetfifteen=\skip67
\treeoffsetsixteen=\skip68
\treeoffsetseventeen=\skip69
\treeoffseteighteen=\skip70
\treeoffsetnineteen=\skip71
\treeoffsettwenty=\skip72
\treeshiftone=\skip73
\treeshifttwo=\skip74
\treeshiftthree=\skip75
\treeshiftfour=\skip76
\treeshiftfive=\skip77
\treeshiftsix=\skip78
\treeshiftseven=\skip79
\treeshifteight=\skip80
\treeshiftnine=\skip81
\treeshiftten=\skip82
\treeshifteleven=\skip83
\treeshifttwelve=\skip84
\treeshiftthirteen=\skip85
\treeshiftfourteen=\skip86
\treeshiftfifteen=\skip87
\treeshiftsixteen=\skip88
\treeshiftseventeen=\skip89
\treeshifteighteen=\skip90
\treeshiftnineteen=\skip91
\treeshifttwenty=\skip92
\treewidthone=\skip93
\treewidthtwo=\skip94
\treewidththree=\skip95
\treewidthfour=\skip96
\treewidthfive=\skip97
\treewidthsix=\skip98
\treewidthseven=\skip99
\treewidtheight=\skip100
\treewidthnine=\skip101
\treewidthten=\skip102
\treewidtheleven=\skip103
\treewidthtwelve=\skip104
\treewidththirteen=\skip105
\treewidthfourteen=\skip106
\treewidthfifteen=\skip107
\treewidthsixteen=\skip108
\treewidthseventeen=\skip109
\treewidtheighteen=\skip110
\treewidthnineteen=\skip111
\treewidthtwenty=\skip112
\daughteroffsetone=\skip113
\daughteroffsettwo=\skip114
\daughteroffsetthree=\skip115
\daughteroffsetfour=\skip116
\branchwidthone=\skip117
\branchwidthtwo=\skip118
\branchwidththree=\skip119
\branchwidthfour=\skip120
\parentoffset=\skip121
\treeoffset=\skip122
\daughteroffset=\skip123
\branchwidth=\skip124
\parentwidth=\skip125
\treewidth=\skip126
\qta=\toks31
\qtb=\toks32
\nbranches=\count112
\qroofx=\count113
\qroofy=\count114
\@qrscratchbox=\box52
) (./Paper.aux)
\openout1 = `Paper.aux'.

LaTeX Font Info:    Checking defaults for OML/cmm/m/it on input line 17.
LaTeX Font Info:    ... okay on input line 17.
LaTeX Font Info:    Checking defaults for T1/cmr/m/n on input line 17.
LaTeX Font Info:    ... okay on input line 17.
LaTeX Font Info:    Checking defaults for OT1/cmr/m/n on input line 17.
LaTeX Font Info:    ... okay on input line 17.
LaTeX Font Info:    Checking defaults for OMS/cmsy/m/n on input line 17.
LaTeX Font Info:    ... okay on input line 17.
LaTeX Font Info:    Checking defaults for OMX/cmex/m/n on input line 17.
LaTeX Font Info:    ... okay on input line 17.
LaTeX Font Info:    Checking defaults for U/cmr/m/n on input line 17.
LaTeX Font Info:    ... okay on input line 17.

(/usr/share/texmf-texlive/tex/context/base/supp-pdf.mkii
[Loading MPS to PDF converter (version 2006.09.02).]
\scratchcounter=\count115
\scratchdimen=\dimen130
\scratchbox=\box53
\nofMPsegments=\count116
\nofMParguments=\count117
\everyMPshowfont=\toks33
\MPscratchCnt=\count118
\MPscratchDim=\dimen131
\MPnumerator=\count119
\everyMPtoPDFconversion=\toks34
) [1

{/var/lib/texmf/fonts/map/pdftex/updmap/pdftex.map}]
LaTeX Font Info:    Try loading font information for OMS+cmr on input line 108.


(/usr/share/texmf-texlive/tex/latex/base/omscmr.fd
File: omscmr.fd 1999/05/25 v2.5h Standard LaTeX font definitions
)
LaTeX Font Info:    Font shape `OMS/cmr/m/n' in size <10> not available
(Font)              Font shape `OMS/cmsy/m/n' tried instead on input line 108.


LaTeX Warning: Reference `approach' on page 1 undefined on input line 125.


LaTeX Warning: Reference `structure' on page 1 undefined on input line 125.


LaTeX Warning: Reference `deltaframework' on page 1 undefined on input line 125
.

[1]
LaTeX Font Info:    Try loading font information for U+msa on input line 143.
 (/usr/share/texmf-texlive/tex/latex/amsfonts/umsa.fd
File: umsa.fd 2009/06/22 v3.00 AMS symbols A
)
LaTeX Font Info:    Try loading font information for U+msb on input line 143.

(/usr/share/texmf-texlive/tex/latex/amsfonts/umsb.fd
File: umsb.fd 2009/06/22 v3.00 AMS symbols B
)
Overfull \hbox (4.15845pt too wide) in paragraph at lines 145--146
[]\OT1/cmr/m/n/10 NOTE(THE MO-TI-VA-TION SEC-TION SAYS MORE OR LESS THE SAME,
 []

[2]

LaTeX Warning: Reference `corpus' on page 3 undefined on input line 156.


LaTeX Warning: Reference `integration' on page 3 undefined on input line 166.


LaTeX Warning: Reference `approach' on page 3 undefined on input line 180.


LaTeX Warning: Reference `deltaframework' on page 3 undefined on input line 180
.


LaTeX Warning: Reference `features' on page 3 undefined on input line 180.


LaTeX Warning: Reference `model' on page 3 undefined on input line 180.

[3]

LaTeX Warning: Reference `markwin' on page 4 undefined on input line 184.


LaTeX Warning: Reference `lerdahl1996generative' on page 4 undefined on input l
ine 184.

[4] [5]

LaTeX Warning: Reference `pitchonsettrees' on page 6 undefined on input line 23
1.


LaTeX Warning: Reference `pitchonsettrees' on page 6 undefined on input line 23
5.

[6]

LaTeX Warning: Reference `features' on page 7 undefined on input line 254.


Overfull \hbox (5.22234pt too wide) in paragraph at lines 275--277
[]\OT1/cmr/m/n/10 Some con-cepts that we think fall un-der struc-ture level ex-
pres-sion are \OT1/cmr/m/it/10 crescendo
 []

[7] [8] [9]

LaTeX Warning: Reference `crestmuse' on page 10 undefined on input line 350.

[10]
Overfull \hbox (2.27466pt too wide) in paragraph at lines 406--406
[]\OT1/cmr/bx/n/14.4 Integration with Note Level Per-for-mance Ren-
 []

[11] [12] (./Paper.bbl) [13] (./Paper.aux)

LaTeX Warning: There were undefined references.

 ) 
Here is how much of TeX's memory you used:
 2487 strings out of 495006
 29156 string characters out of 1181410
 91615 words of memory out of 3000000
 5639 multiletter control sequences out of 15000+50000
 12332 words of font info for 48 fonts, out of 3000000 for 9000
 68 hyphenation exceptions out of 8191
 27i,8n,24p,1195b,469s stack positions out of 5000i,500n,10000p,200000b,50000s
</usr/share/texmf-texlive/fonts/type1/public/amsfonts/cm/cmbx10.pfb></usr/sha
re/texmf-texlive/fonts/type1/public/amsfonts/cm/cmbx12.pfb></usr/share/texmf-te
xlive/fonts/type1/public/amsfonts/cm/cmbx9.pfb></usr/share/texmf-texlive/fonts/
type1/public/amsfonts/cm/cmex10.pfb></usr/share/texmf-texlive/fonts/type1/publi
c/amsfonts/cm/cmmi10.pfb></usr/share/texmf-texlive/fonts/type1/public/amsfonts/
cm/cmmi7.pfb></usr/share/texmf-texlive/fonts/type1/public/amsfonts/cm/cmr10.pfb
></usr/share/texmf-texlive/fonts/type1/public/amsfonts/cm/cmr17.pfb></usr/share
/texmf-texlive/fonts/type1/public/amsfonts/cm/cmr6.pfb></usr/share/texmf-texliv
e/fonts/type1/public/amsfonts/cm/cmr7.pfb></usr/share/texmf-texlive/fonts/type1
/public/amsfonts/cm/cmr8.pfb></usr/share/texmf-texlive/fonts/type1/public/amsfo
nts/cm/cmr9.pfb></usr/share/texmf-texlive/fonts/type1/public/amsfonts/cm/cmsy10
.pfb></usr/share/texmf-texlive/fonts/type1/public/amsfonts/cm/cmsy7.pfb></usr/s
hare/texmf-texlive/fonts/type1/public/amsfonts/cm/cmti10.pfb></usr/share/texmf-
texlive/fonts/type1/public/amsfonts/cm/cmtt10.pfb>
Output written on Paper.pdf (14 pages, 238253 bytes).
PDF statistics:
 112 PDF objects out of 1000 (max. 8388607)
 0 named destinations out of 1000 (max. 500000)
 1 words of extra memory for PDF output out of 10000 (max. 10000000)

